<?xml version="1.0" encoding="UTF-8"?>
<testsuite name="SystemParameterServiceImplTest" time="0.2" tests="8" errors="0" skipped="0" failures="0">
  <properties>
[...]
</properties>
  <testcase name="findSystemParameterByStoreIdAndVariableTest" classname="SystemParameterServiceImplTest" time="0.188"/>
  <testcase name="createSystemParameterTestExceptionDuplicateData" classname="SystemParameterServiceImplTest" time="0"/>
  <testcase name="deleteByStoreIdAndVariable" classname="SystemParameterServiceImplTest" time="0.002"/>
  <testcase name="findAllTest" classname="SystemParameterServiceImplTest" time="0.004"/>
  <testcase name="findSystemParameterByStoreIdAndVariableTestExceptionDataNotExist" classname="SystemParameterServiceImplTest" time="0.001"/>
  <testcase name="createSystemParameterTest" classname="SystemParameterServiceImplTest" time="0.002"/>
  <testcase name="updateSystemParameterTestException_DataNotExist" classname="SystemParameterServiceImplTest" time="0.001"/>
  <testcase name="updateSystemParameterTest" classname="SystemParameterServiceImplTest" time="0.002"/>
</testsuite>